  pose1.cpp
pose1.obj : error LNK2019: unresolved external symbol "public: __cdecl Mesh::Mesh(void)" (??0Mesh@@QEAA@XZ) referenced in function main
pose1.obj : error LNK2019: unresolved external symbol "public: virtual __cdecl Mesh::~Mesh(void)" (??1Mesh@@UEAA@XZ) referenced in function main
pose1.obj : error LNK2019: unresolved external symbol "public: void __cdecl Mesh::load(class std::basic_string<char,struct std::char_traits<char>,class std::allocator<char> >)" (?load@Mesh@@QEAAXV?$basic_string@DU?$char_traits@D@std@@V?$allocator@D@2@@std@@@Z) referenced in function main
pose1.obj : error LNK2019: unresolved external symbol "public: __cdecl Model::Model(void)" (??0Model@@QEAA@XZ) referenced in function main
pose1.obj : error LNK2019: unresolved external symbol "public: virtual __cdecl Model::~Model(void)" (??1Model@@UEAA@XZ) referenced in function main
pose1.obj : error LNK2019: unresolved external symbol "public: void __cdecl Model::load(class std::basic_string<char,struct std::char_traits<char>,class std::allocator<char> >)" (?load@Model@@QEAAXV?$basic_string@DU?$char_traits@D@std@@V?$allocator@D@2@@std@@@Z) referenced in function main
pose1.obj : error LNK2019: unresolved external symbol "public: __cdecl PnPProblem::PnPProblem(double const * const)" (??0PnPProblem@@QEAA@QEBN@Z) referenced in function main
pose1.obj : error LNK2019: unresolved external symbol "public: virtual __cdecl PnPProblem::~PnPProblem(void)" (??1PnPProblem@@UEAA@XZ) referenced in function main
pose1.obj : error LNK2019: unresolved external symbol "public: class cv::Point_<float> __cdecl PnPProblem::backproject3DPoint(class cv::Point3_<float> const &)" (?backproject3DPoint@PnPProblem@@QEAA?AV?$Point_@M@cv@@AEBV?$Point3_@M@3@@Z) referenced in function main
pose1.obj : error LNK2019: unresolved external symbol "public: void __cdecl PnPProblem::estimatePoseRANSAC(class std::vector<class cv::Point3_<float>,class std::allocator<class cv::Point3_<float> > > const &,class std::vector<class cv::Point_<float>,class std::allocator<class cv::Point_<float> > > const &,int,class cv::Mat &,int,float,double)" (?estimatePoseRANSAC@PnPProblem@@QEAAXAEBV?$vector@V?$Point3_@M@cv@@V?$allocator@V?$Point3_@M@cv@@@std@@@std@@AEBV?$vector@V?$Point_@M@cv@@V?$allocator@V?$Point_@M@cv@@@std@@@3@HAEAVMat@cv@@HMN@Z) referenced in function main
pose1.obj : error LNK2019: unresolved external symbol "public: void __cdecl PnPProblem::set_P_matrix(class cv::Mat const &,class cv::Mat const &)" (?set_P_matrix@PnPProblem@@QEAAXAEBVMat@cv@@0@Z) referenced in function main
pose1.obj : error LNK2019: unresolved external symbol "public: virtual __cdecl RobustMatcher::~RobustMatcher(void)" (??1RobustMatcher@@UEAA@XZ) referenced in function "public: virtual void * __cdecl RobustMatcher::`scalar deleting destructor'(unsigned int)" (??_GRobustMatcher@@UEAAPEAXI@Z)
pose1.obj : error LNK2019: unresolved external symbol "public: void __cdecl RobustMatcher::robustMatch(class cv::Mat const &,class std::vector<class cv::DMatch,class std::allocator<class cv::DMatch> > &,class std::vector<class cv::KeyPoint,class std::allocator<class cv::KeyPoint> > &,class cv::Mat const &)" (?robustMatch@RobustMatcher@@QEAAXAEBVMat@cv@@AEAV?$vector@VDMatch@cv@@V?$allocator@VDMatch@cv@@@std@@@std@@AEAV?$vector@VKeyPoint@cv@@V?$allocator@VKeyPoint@cv@@@std@@@5@0@Z) referenced in function main
pose1.obj : error LNK2019: unresolved external symbol "public: void __cdecl RobustMatcher::fastRobustMatch(class cv::Mat const &,class std::vector<class cv::DMatch,class std::allocator<class cv::DMatch> > &,class std::vector<class cv::KeyPoint,class std::allocator<class cv::KeyPoint> > &,class cv::Mat const &)" (?fastRobustMatch@RobustMatcher@@QEAAXAEBVMat@cv@@AEAV?$vector@VDMatch@cv@@V?$allocator@VDMatch@cv@@@std@@@std@@AEAV?$vector@VKeyPoint@cv@@V?$allocator@VKeyPoint@cv@@@std@@@5@0@Z) referenced in function main
pose1.obj : error LNK2019: unresolved external symbol "void __cdecl drawText(class cv::Mat,class std::basic_string<char,struct std::char_traits<char>,class std::allocator<char> >,class cv::Scalar_<double>)" (?drawText@@YAXVMat@cv@@V?$basic_string@DU?$char_traits@D@std@@V?$allocator@D@2@@std@@V?$Scalar_@N@2@@Z) referenced in function main
pose1.obj : error LNK2019: unresolved external symbol "void __cdecl drawText2(class cv::Mat,class std::basic_string<char,struct std::char_traits<char>,class std::allocator<char> >,class cv::Scalar_<double>)" (?drawText2@@YAXVMat@cv@@V?$basic_string@DU?$char_traits@D@std@@V?$allocator@D@2@@std@@V?$Scalar_@N@2@@Z) referenced in function main
pose1.obj : error LNK2019: unresolved external symbol "void __cdecl drawFPS(class cv::Mat,double,class cv::Scalar_<double>)" (?drawFPS@@YAXVMat@cv@@NV?$Scalar_@N@2@@Z) referenced in function main
pose1.obj : error LNK2019: unresolved external symbol "void __cdecl drawConfidence(class cv::Mat,double,class cv::Scalar_<double>)" (?drawConfidence@@YAXVMat@cv@@NV?$Scalar_@N@2@@Z) referenced in function main
pose1.obj : error LNK2019: unresolved external symbol "void __cdecl draw2DPoints(class cv::Mat,class std::vector<class cv::Point_<float>,class std::allocator<class cv::Point_<float> > > &,class cv::Scalar_<double>)" (?draw2DPoints@@YAXVMat@cv@@AEAV?$vector@V?$Point_@M@cv@@V?$allocator@V?$Point_@M@cv@@@std@@@std@@V?$Scalar_@N@2@@Z) referenced in function main
pose1.obj : error LNK2019: unresolved external symbol "void __cdecl draw3DCoordinateAxes(class cv::Mat,class std::vector<class cv::Point_<float>,class std::allocator<class cv::Point_<float> > > const &)" (?draw3DCoordinateAxes@@YAXVMat@cv@@AEBV?$vector@V?$Point_@M@cv@@V?$allocator@V?$Point_@M@cv@@@std@@@std@@@Z) referenced in function main
pose1.obj : error LNK2019: unresolved external symbol "void __cdecl drawObjectMesh(class cv::Mat,class Mesh const *,class PnPProblem *,class cv::Scalar_<double>)" (?drawObjectMesh@@YAXVMat@cv@@PEBVMesh@@PEAVPnPProblem@@V?$Scalar_@N@2@@Z) referenced in function main
pose1.obj : error LNK2019: unresolved external symbol "class cv::Mat __cdecl rot2euler(class cv::Mat const &)" (?rot2euler@@YA?AVMat@cv@@AEBV12@@Z) referenced in function "void __cdecl fillMeasurements(class cv::Mat &,class cv::Mat const &,class cv::Mat const &)" (?fillMeasurements@@YAXAEAVMat@cv@@AEBV12@1@Z)
pose1.obj : error LNK2019: unresolved external symbol "class cv::Mat __cdecl euler2rot(class cv::Mat const &)" (?euler2rot@@YA?AVMat@cv@@AEBV12@@Z) referenced in function "void __cdecl updateKalmanFilter(class cv::KalmanFilter &,class cv::Mat &,class cv::Mat &,class cv::Mat &)" (?updateKalmanFilter@@YAXAEAVKalmanFilter@cv@@AEAVMat@2@11@Z)
pose1.obj : error LNK2019: unresolved external symbol "class std::basic_string<char,struct std::char_traits<char>,class std::allocator<char> > __cdecl IntToString(int)" (?IntToString@@YA?AV?$basic_string@DU?$char_traits@D@std@@V?$allocator@D@2@@std@@H@Z) referenced in function main
C:\Users\Bizruntime-56\Documents\Visual Studio 2015\Projects\opencv\pose1\x64\Debug\pose1.exe : fatal error LNK1120: 24 unresolved externals
